kotlin version: 2.0.21
error message: org.jetbrains.kotlin.backend.common.BackendException: Backend Internal error: Exception during IR lowering
File being compiled: /home/hari/AndroidStudioProjects/BillionaireHari/app/src/main/java/com/example/billionairehari/screens/Rooms.kt
The root cause java.lang.IllegalStateException was thrown at: org.jetbrains.kotlin.ir.util.IrFakeOverrideUtilsKt.resolveFakeOverrideMaybeAbstractOrFail(IrFakeOverrideUtils.kt:97)
	at org.jetbrains.kotlin.backend.common.CodegenUtil.reportBackendException(CodegenUtil.kt:253)
	at org.jetbrains.kotlin.backend.common.CodegenUtil.reportBackendException$default(CodegenUtil.kt:236)
	at org.jetbrains.kotlin.backend.common.phaser.PerformByIrFilePhase.invokeSequential(performByIrFile.kt:65)
	at org.jetbrains.kotlin.backend.common.phaser.PerformByIrFilePhase.invoke(performByIrFile.kt:52)
	at org.jetbrains.kotlin.backend.common.phaser.PerformByIrFilePhase.invoke(performByIrFile.kt:38)
	at org.jetbrains.kotlin.backend.common.phaser.NamedCompilerPhase.phaseBody(CompilerPhase.kt:166)
	at org.jetbrains.kotlin.backend.common.phaser.AbstractNamedCompilerPhase.invoke(CompilerPhase.kt:113)
	at org.jetbrains.kotlin.backend.common.phaser.CompositePhase.invoke(PhaseBuilders.kt:27)
	at org.jetbrains.kotlin.backend.common.phaser.CompositePhase.invoke(PhaseBuilders.kt:14)
	at org.jetbrains.kotlin.backend.common.phaser.NamedCompilerPhase.phaseBody(CompilerPhase.kt:166)
	at org.jetbrains.kotlin.backend.common.phaser.AbstractNamedCompilerPhase.invoke(CompilerPhase.kt:113)
	at org.jetbrains.kotlin.backend.common.phaser.CompilerPhaseKt.invokeToplevel(CompilerPhase.kt:62)
	at org.jetbrains.kotlin.backend.jvm.JvmIrCodegenFactory.invokeLowerings(JvmIrCodegenFactory.kt:358)
	at org.jetbrains.kotlin.codegen.CodegenFactory.generateModule(CodegenFactory.kt:46)
	at org.jetbrains.kotlin.backend.jvm.JvmIrCodegenFactory.generateModuleInFrontendIRMode(JvmIrCodegenFactory.kt:433)
	at org.jetbrains.kotlin.cli.jvm.compiler.pipeline.JvmCompilerPipelineKt.generateCodeFromIr(jvmCompilerPipeline.kt:246)
	at org.jetbrains.kotlin.cli.jvm.compiler.pipeline.JvmCompilerPipelineKt.compileModulesUsingFrontendIrAndLightTree(jvmCompilerPipeline.kt:142)
	at org.jetbrains.kotlin.cli.jvm.K2JVMCompiler.doExecute(K2JVMCompiler.kt:148)
	at org.jetbrains.kotlin.cli.jvm.K2JVMCompiler.doExecute(K2JVMCompiler.kt:43)
	at org.jetbrains.kotlin.cli.common.CLICompiler.execImpl(CLICompiler.kt:103)
	at org.jetbrains.kotlin.cli.common.CLICompiler.execImpl(CLICompiler.kt:49)
	at org.jetbrains.kotlin.cli.common.CLITool.exec(CLITool.kt:101)
	at org.jetbrains.kotlin.incremental.IncrementalJvmCompilerRunner.runCompiler(IncrementalJvmCompilerRunner.kt:464)
	at org.jetbrains.kotlin.incremental.IncrementalJvmCompilerRunner.runCompiler(IncrementalJvmCompilerRunner.kt:73)
	at org.jetbrains.kotlin.incremental.IncrementalCompilerRunner.doCompile(IncrementalCompilerRunner.kt:506)
	at org.jetbrains.kotlin.incremental.IncrementalCompilerRunner.compileImpl(IncrementalCompilerRunner.kt:423)
	at org.jetbrains.kotlin.incremental.IncrementalCompilerRunner.tryCompileIncrementally$lambda$9$compile(IncrementalCompilerRunner.kt:249)
	at org.jetbrains.kotlin.incremental.IncrementalCompilerRunner.tryCompileIncrementally(IncrementalCompilerRunner.kt:267)
	at org.jetbrains.kotlin.incremental.IncrementalCompilerRunner.compile(IncrementalCompilerRunner.kt:120)
	at org.jetbrains.kotlin.daemon.CompileServiceImplBase.execIncrementalCompiler(CompileServiceImpl.kt:675)
	at org.jetbrains.kotlin.daemon.CompileServiceImplBase.access$execIncrementalCompiler(CompileServiceImpl.kt:92)
	at org.jetbrains.kotlin.daemon.CompileServiceImpl.compile(CompileServiceImpl.kt:1660)
	at java.base/jdk.internal.reflect.DirectMethodHandleAccessor.invoke(Unknown Source)
	at java.base/java.lang.reflect.Method.invoke(Unknown Source)
	at java.rmi/sun.rmi.server.UnicastServerRef.dispatch(Unknown Source)
	at java.rmi/sun.rmi.transport.Transport$1.run(Unknown Source)
	at java.rmi/sun.rmi.transport.Transport$1.run(Unknown Source)
	at java.base/java.security.AccessController.doPrivileged(Unknown Source)
	at java.rmi/sun.rmi.transport.Transport.serviceCall(Unknown Source)
	at java.rmi/sun.rmi.transport.tcp.TCPTransport.handleMessages(Unknown Source)
	at java.rmi/sun.rmi.transport.tcp.TCPTransport$ConnectionHandler.run0(Unknown Source)
	at java.rmi/sun.rmi.transport.tcp.TCPTransport$ConnectionHandler.lambda$run$0(Unknown Source)
	at java.base/java.security.AccessController.doPrivileged(Unknown Source)
	at java.rmi/sun.rmi.transport.tcp.TCPTransport$ConnectionHandler.run(Unknown Source)
	at java.base/java.util.concurrent.ThreadPoolExecutor.runWorker(Unknown Source)
	at java.base/java.util.concurrent.ThreadPoolExecutor$Worker.run(Unknown Source)
	at java.base/java.lang.Thread.run(Unknown Source)
Caused by: java.lang.IllegalStateException: No real overrides for FUN FAKE_OVERRIDE name:contains visibility:public modality:FINAL <> ($this:kotlin.Nothing, offset:androidx.compose.ui.geometry.Offset) returnType:kotlin.Boolean [fake_override,operator]
	at org.jetbrains.kotlin.ir.util.IrFakeOverrideUtilsKt.resolveFakeOverrideMaybeAbstractOrFail(IrFakeOverrideUtils.kt:97)
	at org.jetbrains.kotlin.backend.jvm.MemoizedInlineClassReplacements.buildReplacement(MemoizedInlineClassReplacements.kt:228)
	at org.jetbrains.kotlin.backend.jvm.MemoizedInlineClassReplacements.buildReplacement$default(MemoizedInlineClassReplacements.kt:217)
	at org.jetbrains.kotlin.backend.jvm.MemoizedInlineClassReplacements.createMethodReplacement(MemoizedInlineClassReplacements.kt:163)
	at org.jetbrains.kotlin.backend.jvm.MemoizedInlineClassReplacements.getReplacementFunctionImpl$lambda$2(MemoizedInlineClassReplacements.kt:83)
	at org.jetbrains.kotlin.storage.LockBasedStorageManager$MapBasedMemoizedFunction.invoke(LockBasedStorageManager.java:578)
	at org.jetbrains.kotlin.backend.jvm.MemoizedValueClassAbstractReplacements.getReplacementFunction(MemoizedValueClassAbstractReplacements.kt:32)
	at org.jetbrains.kotlin.backend.jvm.lower.JvmInlineClassLowering.visitFunctionAccess(JvmInlineClassLowering.kt:240)
	at org.jetbrains.kotlin.ir.visitors.IrElementTransformerVoid.visitCall(IrElementTransformerVoid.kt:296)
	at org.jetbrains.kotlin.backend.jvm.lower.JvmInlineClassLowering.visitCall(JvmInlineClassLowering.kt:360)
	at org.jetbrains.kotlin.ir.visitors.IrElementTransformerVoid.visitCall(IrElementTransformerVoid.kt:299)
	at org.jetbrains.kotlin.ir.visitors.IrElementTransformerVoid.visitCall(IrElementTransformerVoid.kt:19)
	at org.jetbrains.kotlin.ir.expressions.IrCall.accept(IrCall.kt:24)
	at org.jetbrains.kotlin.ir.expressions.IrExpression.transform(IrExpression.kt:24)
	at org.jetbrains.kotlin.ir.expressions.IrMemberAccessExpression.transformChildren(IrMemberAccessExpression.kt:66)
	at org.jetbrains.kotlin.ir.visitors.IrElementTransformerVoid.visitExpression(IrElementTransformerVoid.kt:166)
	at org.jetbrains.kotlin.backend.jvm.lower.JvmValueClassAbstractLowering.visitExpression(JvmValueClassAbstractLowering.kt:263)
	at org.jetbrains.kotlin.ir.visitors.IrElementTransformerVoid.visitDeclarationReference(IrElementTransformerVoid.kt:194)
	at org.jetbrains.kotlin.backend.jvm.lower.JvmValueClassAbstractLowering.visitDeclarationReference(JvmValueClassAbstractLowering.kt:273)
	at org.jetbrains.kotlin.ir.visitors.IrElementTransformerVoid.visitMemberAccess(IrElementTransformerVoid.kt:200)
	at org.jetbrains.kotlin.backend.jvm.lower.JvmValueClassAbstractLowering.visitMemberAccess(JvmValueClassAbstractLowering.kt:279)
	at org.jetbrains.kotlin.ir.visitors.IrElementTransformerVoid.visitFunctionAccess(IrElementTransformerVoid.kt:206)
	at org.jetbrains.kotlin.backend.jvm.lower.JvmInlineClassLowering.visitFunctionAccess(JvmInlineClassLowering.kt:241)
	at org.jetbrains.kotlin.ir.visitors.IrElementTransformerVoid.visitCall(IrElementTransformerVoid.kt:296)
	at org.jetbrains.kotlin.backend.jvm.lower.JvmInlineClassLowering.visitCall(JvmInlineClassLowering.kt:360)
	at org.jetbrains.kotlin.ir.visitors.IrElementTransformerVoid.visitCall(IrElementTransformerVoid.kt:299)
	at org.jetbrains.kotlin.ir.visitors.IrElementTransformerVoid.visitCall(IrElementTransformerVoid.kt:19)
	at org.jetbrains.kotlin.ir.expressions.IrCall.accept(IrCall.kt:24)
	at org.jetbrains.kotlin.ir.expressions.IrExpression.transform(IrExpression.kt:24)
	at org.jetbrains.kotlin.ir.expressions.IrBranch.transformChildren(IrBranch.kt:37)
	at org.jetbrains.kotlin.ir.visitors.IrElementTransformerVoid.visitElseBranch(IrElementTransformerVoid.kt:556)
	at org.jetbrains.kotlin.backend.jvm.lower.JvmValueClassAbstractLowering.visitElseBranch(JvmValueClassAbstractLowering.kt:298)
	at org.jetbrains.kotlin.ir.visitors.IrElementTransformerVoid.visitElseBranch(IrElementTransformerVoid.kt:561)
	at org.jetbrains.kotlin.ir.visitors.IrElementTransformerVoid.visitElseBranch(IrElementTransformerVoid.kt:19)
	at org.jetbrains.kotlin.ir.expressions.IrElseBranch.accept(IrElseBranch.kt:19)
	at org.jetbrains.kotlin.ir.expressions.IrElseBranch.transform(IrElseBranch.kt:22)
	at org.jetbrains.kotlin.ir.expressions.IrElseBranch.transform(IrElseBranch.kt:17)
	at org.jetbrains.kotlin.ir.util.TransformKt.transformInPlace(transform.kt:35)
	at org.jetbrains.kotlin.ir.expressions.IrWhen.transformChildren(IrWhen.kt:31)
	at org.jetbrains.kotlin.ir.visitors.IrElementTransformerVoid.visitExpression(IrElementTransformerVoid.kt:166)
	at org.jetbrains.kotlin.backend.jvm.lower.JvmValueClassAbstractLowering.visitExpression(JvmValueClassAbstractLowering.kt:263)
	at org.jetbrains.kotlin.ir.visitors.IrElementTransformerVoid.visitWhen(IrElementTransformerVoid.kt:542)
	at org.jetbrains.kotlin.backend.jvm.lower.JvmValueClassAbstractLowering.visitWhen(JvmValueClassAbstractLowering.kt:296)
	at org.jetbrains.kotlin.ir.visitors.IrElementTransformerVoid.visitWhen(IrElementTransformerVoid.kt:545)
	at org.jetbrains.kotlin.ir.visitors.IrElementTransformerVoid.visitWhen(IrElementTransformerVoid.kt:19)
	at org.jetbrains.kotlin.ir.expressions.IrWhen.accept(IrWhen.kt:24)
	at org.jetbrains.kotlin.ir.expressions.IrExpression.transform(IrExpression.kt:24)
	at org.jetbrains.kotlin.ir.expressions.IrBranch.transformChildren(IrBranch.kt:36)
	at org.jetbrains.kotlin.ir.visitors.IrElementTransformerVoid.visitBranch(IrElementTransformerVoid.kt:548)
	at org.jetbrains.kotlin.backend.jvm.lower.JvmValueClassAbstractLowering.visitBranch(JvmValueClassAbstractLowering.kt:297)
	at org.jetbrains.kotlin.ir.visitors.IrElementTransformerVoid.visitBranch(IrElementTransformerVoid.kt:553)
	at org.jetbrains.kotlin.ir.visitors.IrElementTransformerVoid.visitBranch(IrElementTransformerVoid.kt:19)
	at org.jetbrains.kotlin.ir.expressions.IrBranch.accept(IrBranch.kt:25)
	at org.jetbrains.kotlin.ir.expressions.IrBranch.transform(IrBranch.kt:28)
	at org.jetbrains.kotlin.ir.expressions.IrBranch.transform(IrBranch.kt:19)
	at org.jetbrains.kotlin.ir.util.TransformKt.transformInPlace(transform.kt:35)
	at org.jetbrains.kotlin.ir.expressions.IrWhen.transformChildren(IrWhen.kt:31)
	at org.jetbrains.kotlin.ir.visitors.IrElementTransformerVoid.visitExpression(IrElementTransformerVoid.kt:166)
	at org.jetbrains.kotlin.backend.jvm.lower.JvmValueClassAbstractLowering.visitExpression(JvmValueClassAbstractLowering.kt:263)
	at org.jetbrains.kotlin.ir.visitors.IrElementTransformerVoid.visitWhen(IrElementTransformerVoid.kt:542)
	at org.jetbrains.kotlin.backend.jvm.lower.JvmValueClassAbstractLowering.visitWhen(JvmValueClassAbstractLowering.kt:296)
	at org.jetbrains.kotlin.ir.visitors.IrElementTransformerVoid.visitWhen(IrElementTransformerVoid.kt:545)
	at org.jetbrains.kotlin.ir.visitors.IrElementTransformerVoid.visitWhen(IrElementTransformerVoid.kt:19)
	at org.jetbrains.kotlin.ir.expressions.IrWhen.accept(IrWhen.kt:24)
	at org.jetbrains.kotlin.ir.expressions.IrExpression.transform(IrExpression.kt:24)
	at org.jetbrains.kotlin.ir.expressions.IrExpression.transform(IrExpression.kt:20)
	at org.jetbrains.kotlin.ir.IrElementsKt.transformStatement(IrElements.kt:11)
	at org.jetbrains.kotlin.backend.jvm.lower.JvmValueClassAbstractLowering.visitStatementContainer(JvmValueClassAbstractLowering.kt:146)
	at org.jetbrains.kotlin.backend.jvm.lower.JvmValueClassAbstractLowering.visitBlockBody(JvmValueClassAbstractLowering.kt:162)
	at org.jetbrains.kotlin.ir.visitors.IrElementTransformerVoid.visitBlockBody(IrElementTransformerVoid.kt:191)
	at org.jetbrains.kotlin.ir.visitors.IrElementTransformerVoid.visitBlockBody(IrElementTransformerVoid.kt:19)
	at org.jetbrains.kotlin.ir.expressions.IrBlockBody.accept(IrBlockBody.kt:20)
	at org.jetbrains.kotlin.ir.expressions.IrBody.transform(IrBody.kt:20)
	at org.jetbrains.kotlin.ir.declarations.IrFunction.transformChildren(IrFunction.kt:58)
	at org.jetbrains.kotlin.ir.visitors.IrElementTransformerVoidKt.transformChildrenVoid(IrElementTransformerVoid.kt:565)
	at org.jetbrains.kotlin.ir.visitors.IrElementTransformerVoid.transformChildrenVoid(IrElementTransformerVoid.kt:28)
	at org.jetbrains.kotlin.backend.jvm.lower.JvmValueClassAbstractLowering.transformFunctionFlat(JvmValueClassAbstractLowering.kt:49)
	at org.jetbrains.kotlin.backend.jvm.lower.JvmValueClassAbstractLowering.visitStatementContainer(JvmValueClassAbstractLowering.kt:145)
	at org.jetbrains.kotlin.backend.jvm.lower.JvmValueClassAbstractLowering.visitContainerExpression(JvmValueClassAbstractLowering.kt:157)
	at org.jetbrains.kotlin.ir.visitors.IrElementTransformerVoid.visitBlock(IrElementTransformerVoid.kt:248)
	at org.jetbrains.kotlin.backend.jvm.lower.JvmValueClassAbstractLowering.visitBlock(JvmValueClassAbstractLowering.kt:271)
	at org.jetbrains.kotlin.ir.visitors.IrElementTransformerVoid.visitBlock(IrElementTransformerVoid.kt:251)
	at org.jetbrains.kotlin.ir.visitors.IrElementTransformerVoid.visitBlock(IrElementTransformerVoid.kt:19)
	at org.jetbrains.kotlin.ir.expressions.IrBlock.accept(IrBlock.kt:18)
	at org.jetbrains.kotlin.ir.expressions.IrExpression.transform(IrExpression.kt:24)
	at org.jetbrains.kotlin.ir.expressions.IrExpression.transform(IrExpression.kt:20)
	at org.jetbrains.kotlin.ir.util.TransformKt.transformInPlace(transform.kt:45)
	at org.jetbrains.kotlin.ir.expressions.IrMemberAccessExpression.transformChildren(IrMemberAccessExpression.kt:68)
	at org.jetbrains.kotlin.ir.visitors.IrElementTransformerVoid.visitExpression(IrElementTransformerVoid.kt:166)
	at org.jetbrains.kotlin.backend.jvm.lower.JvmValueClassAbstractLowering.visitExpression(JvmValueClassAbstractLowering.kt:263)
	at org.jetbrains.kotlin.ir.visitors.IrElementTransformerVoid.visitDeclarationReference(IrElementTransformerVoid.kt:194)
	at org.jetbrains.kotlin.backend.jvm.lower.JvmValueClassAbstractLowering.visitDeclarationReference(JvmValueClassAbstractLowering.kt:273)
	at org.jetbrains.kotlin.ir.visitors.IrElementTransformerVoid.visitMemberAccess(IrElementTransformerVoid.kt:200)
	at org.jetbrains.kotlin.backend.jvm.lower.JvmValueClassAbstractLowering.visitMemberAccess(JvmValueClassAbstractLowering.kt:279)
	at org.jetbrains.kotlin.ir.visitors.IrElementTransformerVoid.visitFunctionAccess(IrElementTransformerVoid.kt:206)
	at org.jetbrains.kotlin.backend.jvm.lower.JvmInlineClassLowering.visitFunctionAccess(JvmInlineClassLowering.kt:241)
	at org.jetbrains.kotlin.ir.visitors.IrElementTransformerVoid.visitCall(IrElementTransformerVoid.kt:296)
	at org.jetbrains.kotlin.backend.jvm.lower.JvmInlineClassLowering.visitCall(JvmInlineClassLowering.kt:360)
	at org.jetbrains.kotlin.ir.visitors.IrElementTransformerVoid.visitCall(IrElementTransformerVoid.kt:299)
	at org.jetbrains.kotlin.ir.visitors.IrElementTransformerVoid.visitCall(IrElementTransformerVoid.kt:19)
	at org.jetbrains.kotlin.ir.expressions.IrCall.accept(IrCall.kt:24)
	at org.jetbrains.kotlin.ir.expressions.IrExpression.transform(IrExpression.kt:24)
	at org.jetbrains.kotlin.ir.expressions.IrExpression.transform(IrExpression.kt:20)
	at org.jetbrains.kotlin.ir.IrElementsKt.transformStatement(IrElements.kt:11)
	at org.jetbrains.kotlin.backend.jvm.lower.JvmValueClassAbstractLowering.visitStatementContainer(JvmValueClassAbstractLowering.kt:146)
	at org.jetbrains.kotlin.backend.jvm.lower.JvmValueClassAbstractLowering.visitBlockBody(JvmValueClassAbstractLowering.kt:162)
	at org.jetbrains.kotlin.ir.visitors.IrElementTransformerVoid.visitBlockBody(IrElementTransformerVoid.kt:191)
	at org.jetbrains.kotlin.ir.visitors.IrElementTransformerVoid.visitBlockBody(IrElementTransformerVoid.kt:19)
	at org.jetbrains.kotlin.ir.expressions.IrBlockBody.accept(IrBlockBody.kt:20)
	at org.jetbrains.kotlin.ir.expressions.IrBody.transform(IrBody.kt:20)
	at org.jetbrains.kotlin.ir.declarations.IrFunction.transformChildren(IrFunction.kt:58)
	at org.jetbrains.kotlin.ir.visitors.IrElementTransformerVoidKt.transformChildrenVoid(IrElementTransformerVoid.kt:565)
	at org.jetbrains.kotlin.ir.visitors.IrElementTransformerVoid.transformChildrenVoid(IrElementTransformerVoid.kt:28)
	at org.jetbrains.kotlin.backend.jvm.lower.JvmValueClassAbstractLowering.transformFunctionFlat(JvmValueClassAbstractLowering.kt:49)
	at org.jetbrains.kotlin.backend.jvm.lower.JvmInlineClassLowering.visitClassNew$lambda$5(JvmInlineClassLowering.kt:95)
	at org.jetbrains.kotlin.ir.util.TransformKt.transformDeclarationsFlat(transform.kt:105)
	at org.jetbrains.kotlin.backend.jvm.lower.JvmInlineClassLowering.visitClassNew(JvmInlineClassLowering.kt:92)
	at org.jetbrains.kotlin.backend.jvm.lower.JvmInlineClassLowering.visitClassNew(JvmInlineClassLowering.kt:41)
	at org.jetbrains.kotlin.backend.common.IrElementTransformerVoidWithContext.visitClass(IrElementTransformerVoidWithContext.kt:62)
	at org.jetbrains.kotlin.ir.visitors.IrElementTransformerVoid.visitClass(IrElementTransformerVoid.kt:57)
	at org.jetbrains.kotlin.ir.visitors.IrElementTransformerVoid.visitClass(IrElementTransformerVoid.kt:19)
	at org.jetbrains.kotlin.ir.declarations.IrClass.accept(IrClass.kt:72)
	at org.jetbrains.kotlin.ir.IrElementBase.transform(IrElementBase.kt:33)
	at org.jetbrains.kotlin.ir.IrElementsKt.transformStatement(IrElements.kt:11)
	at org.jetbrains.kotlin.backend.jvm.lower.JvmValueClassAbstractLowering.visitStatementContainer(JvmValueClassAbstractLowering.kt:146)
	at org.jetbrains.kotlin.backend.jvm.lower.JvmValueClassAbstractLowering.visitContainerExpression(JvmValueClassAbstractLowering.kt:157)
	at org.jetbrains.kotlin.ir.visitors.IrElementTransformerVoid.visitBlock(IrElementTransformerVoid.kt:248)
	at org.jetbrains.kotlin.backend.jvm.lower.JvmValueClassAbstractLowering.visitBlock(JvmValueClassAbstractLowering.kt:271)
	at org.jetbrains.kotlin.ir.visitors.IrElementTransformerVoid.visitBlock(IrElementTransformerVoid.kt:251)
	at org.jetbrains.kotlin.ir.visitors.IrElementTransformerVoid.visitBlock(IrElementTransformerVoid.kt:19)
	at org.jetbrains.kotlin.ir.expressions.IrBlock.accept(IrBlock.kt:18)
	at org.jetbrains.kotlin.ir.expressions.IrExpression.transform(IrExpression.kt:24)
	at org.jetbrains.kotlin.ir.expressions.IrReturn.transformChildren(IrReturn.kt:31)
	at org.jetbrains.kotlin.ir.visitors.IrElementTransformerVoid.visitExpression(IrElementTransformerVoid.kt:166)
	at org.jetbrains.kotlin.backend.jvm.lower.JvmValueClassAbstractLowering.visitExpression(JvmValueClassAbstractLowering.kt:263)
	at org.jetbrains.kotlin.ir.visitors.IrElementTransformerVoid.visitReturn(IrElementTransformerVoid.kt:460)
	at org.jetbrains.kotlin.backend.jvm.lower.JvmValueClassAbstractLowering.visitReturn(JvmValueClassAbstractLowering.kt:139)
	at org.jetbrains.kotlin.ir.visitors.IrElementTransformerVoid.visitReturn(IrElementTransformerVoid.kt:463)
	at org.jetbrains.kotlin.ir.visitors.IrElementTransformerVoid.visitReturn(IrElementTransformerVoid.kt:19)
	at org.jetbrains.kotlin.ir.expressions.IrReturn.accept(IrReturn.kt:24)
	at org.jetbrains.kotlin.ir.expressions.IrExpression.transform(IrExpression.kt:24)
	at org.jetbrains.kotlin.ir.expressions.IrExpression.transform(IrExpression.kt:20)
	at org.jetbrains.kotlin.ir.IrElementsKt.transformStatement(IrElements.kt:11)
	at org.jetbrains.kotlin.backend.jvm.lower.JvmValueClassAbstractLowering.visitStatementContainer(JvmValueClassAbstractLowering.kt:146)
	at org.jetbrains.kotlin.backend.jvm.lower.JvmValueClassAbstractLowering.visitBlockBody(JvmValueClassAbstractLowering.kt:162)
	at org.jetbrains.kotlin.ir.visitors.IrElementTransformerVoid.visitBlockBody(IrElementTransformerVoid.kt:191)
	at org.jetbrains.kotlin.ir.visitors.IrElementTransformerVoid.visitBlockBody(IrElementTransformerVoid.kt:19)
	at org.jetbrains.kotlin.ir.expressions.IrBlockBody.accept(IrBlockBody.kt:20)
	at org.jetbrains.kotlin.ir.expressions.IrBody.transform(IrBody.kt:20)
	at org.jetbrains.kotlin.ir.declarations.IrFunction.transformChildren(IrFunction.kt:58)
	at org.jetbrains.kotlin.ir.visitors.IrElementTransformerVoidKt.transformChildrenVoid(IrElementTransformerVoid.kt:565)
	at org.jetbrains.kotlin.ir.visitors.IrElementTransformerVoid.transformChildrenVoid(IrElementTransformerVoid.kt:28)
	at org.jetbrains.kotlin.backend.jvm.lower.JvmValueClassAbstractLowering.transformFunctionFlat(JvmValueClassAbstractLowering.kt:49)
	at org.jetbrains.kotlin.backend.jvm.lower.JvmValueClassAbstractLowering.visitStatementContainer(JvmValueClassAbstractLowering.kt:145)
	at org.jetbrains.kotlin.backend.jvm.lower.JvmValueClassAbstractLowering.visitContainerExpression(JvmValueClassAbstractLowering.kt:157)
	at org.jetbrains.kotlin.ir.visitors.IrElementTransformerVoid.visitBlock(IrElementTransformerVoid.kt:248)
	at org.jetbrains.kotlin.backend.jvm.lower.JvmValueClassAbstractLowering.visitBlock(JvmValueClassAbstractLowering.kt:271)
	at org.jetbrains.kotlin.ir.visitors.IrElementTransformerVoid.visitBlock(IrElementTransformerVoid.kt:251)
	at org.jetbrains.kotlin.ir.visitors.IrElementTransformerVoid.visitBlock(IrElementTransformerVoid.kt:19)
	at org.jetbrains.kotlin.ir.expressions.IrBlock.accept(IrBlock.kt:18)
	at org.jetbrains.kotlin.ir.expressions.IrExpression.transform(IrExpression.kt:24)
	at org.jetbrains.kotlin.ir.expressions.IrExpression.transform(IrExpression.kt:20)
	at org.jetbrains.kotlin.ir.util.TransformKt.transformInPlace(transform.kt:45)
	at org.jetbrains.kotlin.ir.expressions.IrMemberAccessExpression.transformChildren(IrMemberAccessExpression.kt:68)
	at org.jetbrains.kotlin.ir.visitors.IrElementTransformerVoid.visitExpression(IrElementTransformerVoid.kt:166)
	at org.jetbrains.kotlin.backend.jvm.lower.JvmValueClassAbstractLowering.visitExpression(JvmValueClassAbstractLowering.kt:263)
	at org.jetbrains.kotlin.ir.visitors.IrElementTransformerVoid.visitDeclarationReference(IrElementTransformerVoid.kt:194)
	at org.jetbrains.kotlin.backend.jvm.lower.JvmValueClassAbstractLowering.visitDeclarationReference(JvmValueClassAbstractLowering.kt:273)
	at org.jetbrains.kotlin.ir.visitors.IrElementTransformerVoid.visitMemberAccess(IrElementTransformerVoid.kt:200)
	at org.jetbrains.kotlin.backend.jvm.lower.JvmValueClassAbstractLowering.visitMemberAccess(JvmValueClassAbstractLowering.kt:279)
	at org.jetbrains.kotlin.ir.visitors.IrElementTransformerVoid.visitFunctionAccess(IrElementTransformerVoid.kt:206)
	at org.jetbrains.kotlin.backend.jvm.lower.JvmInlineClassLowering.visitFunctionAccess(JvmInlineClassLowering.kt:241)
	at org.jetbrains.kotlin.ir.visitors.IrElementTransformerVoid.visitCall(IrElementTransformerVoid.kt:296)
	at org.jetbrains.kotlin.backend.jvm.lower.JvmInlineClassLowering.visitCall(JvmInlineClassLowering.kt:360)
	at org.jetbrains.kotlin.ir.visitors.IrElementTransformerVoid.visitCall(IrElementTransformerVoid.kt:299)
	at org.jetbrains.kotlin.ir.visitors.IrElementTransformerVoid.visitCall(IrElementTransformerVoid.kt:19)
	at org.jetbrains.kotlin.ir.expressions.IrCall.accept(IrCall.kt:24)
	at org.jetbrains.kotlin.ir.expressions.IrExpression.transform(IrExpression.kt:24)
	at org.jetbrains.kotlin.ir.declarations.IrVariable.transformChildren(IrVariable.kt:43)
	at org.jetbrains.kotlin.ir.visitors.IrElementTransformerVoid.visitDeclaration(IrElementTransformerVoid.kt:40)
	at org.jetbrains.kotlin.backend.jvm.lower.JvmValueClassAbstractLowering.visitDeclaration(JvmValueClassAbstractLowering.kt:251)
	at org.jetbrains.kotlin.ir.visitors.IrElementTransformerVoid.visitVariable(IrElementTransformerVoid.kt:140)
	at org.jetbrains.kotlin.ir.visitors.IrElementTransformerVoid.visitVariable(IrElementTransformerVoid.kt:143)
	at org.jetbrains.kotlin.ir.visitors.IrElementTransformerVoid.visitVariable(IrElementTransformerVoid.kt:19)
	at org.jetbrains.kotlin.ir.declarations.IrVariable.accept(IrVariable.kt:36)
	at org.jetbrains.kotlin.ir.IrElementBase.transform(IrElementBase.kt:33)
	at org.jetbrains.kotlin.ir.IrElementsKt.transformStatement(IrElements.kt:11)
	at org.jetbrains.kotlin.backend.jvm.lower.JvmValueClassAbstractLowering.visitStatementContainer(JvmValueClassAbstractLowering.kt:146)
	at org.jetbrains.kotlin.backend.jvm.lower.JvmValueClassAbstractLowering.visitContainerExpression(JvmValueClassAbstractLowering.kt:157)
	at org.jetbrains.kotlin.ir.visitors.IrElementTransformerVoid.visitBlock(IrElementTransformerVoid.kt:248)
	at org.jetbrains.kotlin.backend.jvm.lower.JvmValueClassAbstractLowering.visitBlock(JvmValueClassAbstractLowering.kt:271)
	at org.jetbrains.kotlin.ir.visitors.IrElementTransformerVoid.visitBlock(IrElementTransformerVoid.kt:251)
	at org.jetbrains.kotlin.ir.visitors.IrElementTransformerVoid.visitBlock(IrElementTransformerVoid.kt:19)
	at org.jetbrains.kotlin.ir.expressions.IrBlock.accept(IrBlock.kt:18)
	at org.jetbrains.kotlin.ir.expressions.IrExpression.transform(IrExpression.kt:24)
	at org.jetbrains.kotlin.ir.expressions.IrExpression.transform(IrExpression.kt:20)
	at org.jetbrains.kotlin.ir.util.TransformKt.transformInPlace(transform.kt:45)
	at org.jetbrains.kotlin.ir.expressions.IrMemberAccessExpression.transformChildren(IrMemberAccessExpression.kt:68)
	at org.jetbrains.kotlin.ir.visitors.IrElementTransformerVoid.visitExpression(IrElementTransformerVoid.kt:166)
	at org.jetbrains.kotlin.backend.jvm.lower.JvmValueClassAbstractLowering.visitExpression(JvmValueClassAbstractLowering.kt:263)
	at org.jetbrains.kotlin.ir.visitors.IrElementTransformerVoid.visitDeclarationReference(IrElementTransformerVoid.kt:194)
	at org.jetbrains.kotlin.backend.jvm.lower.JvmValueClassAbstractLowering.visitDeclarationReference(JvmValueClassAbstractLowering.kt:273)
	at org.jetbrains.kotlin.ir.visitors.IrElementTransformerVoid.visitMemberAccess(IrElementTransformerVoid.kt:200)
	at org.jetbrains.kotlin.backend.jvm.lower.JvmValueClassAbstractLowering.visitMemberAccess(JvmValueClassAbstractLowering.kt:279)
	at org.jetbrains.kotlin.ir.visitors.IrElementTransformerVoid.visitFunctionAccess(IrElementTransformerVoid.kt:206)
	at org.jetbrains.kotlin.backend.jvm.lower.JvmInlineClassLowering.visitFunctionAccess(JvmInlineClassLowering.kt:241)
	at org.jetbrains.kotlin.ir.visitors.IrElementTransformerVoid.visitCall(IrElementTransformerVoid.kt:296)
	at org.jetbrains.kotlin.backend.jvm.lower.JvmInlineClassLowering.visitCall(JvmInlineClassLowering.kt:360)
	at org.jetbrains.kotlin.ir.visitors.IrElementTransformerVoid.visitCall(IrElementTransformerVoid.kt:299)
	at org.jetbrains.kotlin.ir.visitors.IrElementTransformerVoid.visitCall(IrElementTransformerVoid.kt:19)
	at org.jetbrains.kotlin.ir.expressions.IrCall.accept(IrCall.kt:24)
	at org.jetbrains.kotlin.ir.expressions.IrExpression.transform(IrExpression.kt:24)
	at org.jetbrains.kotlin.ir.expressions.IrMemberAccessExpression.transformChildren(IrMemberAccessExpression.kt:67)
	at org.jetbrains.kotlin.ir.visitors.IrElementTransformerVoid.visitExpression(IrElementTransformerVoid.kt:166)
	at org.jetbrains.kotlin.backend.jvm.lower.JvmValueClassAbstractLowering.visitExpression(JvmValueClassAbstractLowering.kt:263)
	at org.jetbrains.kotlin.ir.visitors.IrElementTransformerVoid.visitDeclarationReference(IrElementTransformerVoid.kt:194)
	at org.jetbrains.kotlin.backend.jvm.lower.JvmValueClassAbstractLowering.visitDeclarationReference(JvmValueClassAbstractLowering.kt:273)
	at org.jetbrains.kotlin.ir.visitors.IrElementTransformerVoid.visitMemberAccess(IrElementTransformerVoid.kt:200)
	at org.jetbrains.kotlin.backend.jvm.lower.JvmValueClassAbstractLowering.visitMemberAccess(JvmValueClassAbstractLowering.kt:279)
	at org.jetbrains.kotlin.ir.visitors.IrElementTransformerVoid.visitFunctionAccess(IrElementTransformerVoid.kt:206)
	at org.jetbrains.kotlin.backend.jvm.lower.JvmInlineClassLowering.visitFunctionAccess(JvmInlineClassLowering.kt:241)
	at org.jetbrains.kotlin.ir.visitors.IrElementTransformerVoid.visitCall(IrElementTransformerVoid.kt:296)
	at org.jetbrains.kotlin.backend.jvm.lower.JvmInlineClassLowering.visitCall(JvmInlineClassLowering.kt:360)
	at org.jetbrains.kotlin.ir.visitors.IrElementTransformerVoid.visitCall(IrElementTransformerVoid.kt:299)
	at org.jetbrains.kotlin.ir.visitors.IrElementTransformerVoid.visitCall(IrElementTransformerVoid.kt:19)
	at org.jetbrains.kotlin.ir.expressions.IrCall.accept(IrCall.kt:24)
	at org.jetbrains.kotlin.ir.expressions.IrExpression.transform(IrExpression.kt:24)
	at org.jetbrains.kotlin.ir.expressions.IrExpression.transform(IrExpression.kt:20)
	at org.jetbrains.kotlin.ir.util.TransformKt.transformInPlace(transform.kt:45)
	at org.jetbrains.kotlin.ir.expressions.IrMemberAccessExpression.transformChildren(IrMemberAccessExpression.kt:68)
	at org.jetbrains.kotlin.ir.visitors.IrElementTransformerVoid.visitExpression(IrElementTransformerVoid.kt:166)
	at org.jetbrains.kotlin.backend.jvm.lower.JvmValueClassAbstractLowering.visitExpression(JvmValueClassAbstractLowering.kt:263)
	at org.jetbrains.kotlin.ir.visitors.IrElementTransformerVoid.visitDeclarationReference(IrElementTransformerVoid.kt:194)
	at org.jetbrains.kotlin.backend.jvm.lower.JvmValueClassAbstractLowering.visitDeclarationReference(JvmValueClassAbstractLowering.kt:273)
	at org.jetbrains.kotlin.ir.visitors.IrElementTransformerVoid.visitMemberAccess(IrElementTransformerVoid.kt:200)
	at org.jetbrains.kotlin.backend.jvm.lower.JvmValueClassAbstractLowering.visitMemberAccess(JvmValueClassAbstractLowering.kt:279)
	at org.jetbrains.kotlin.ir.visitors.IrElementTransformerVoid.visitFunctionAccess(IrElementTransformerVoid.kt:206)
	at org.jetbrains.kotlin.backend.jvm.lower.JvmInlineClassLowering.visitFunctionAccess(JvmInlineClassLowering.kt:241)
	at org.jetbrains.kotlin.ir.visitors.IrElementTransformerVoid.visitCall(IrElementTransformerVoid.kt:296)
	at org.jetbrains.kotlin.backend.jvm.lower.JvmInlineClassLowering.visitCall(JvmInlineClassLowering.kt:360)
	at org.jetbrains.kotlin.ir.visitors.IrElementTransformerVoid.visitCall(IrElementTransformerVoid.kt:299)
	at org.jetbrains.kotlin.ir.visitors.IrElementTransformerVoid.visitCall(IrElementTransformerVoid.kt:19)
	at org.jetbrains.kotlin.ir.expressions.IrCall.accept(IrCall.kt:24)
	at org.jetbrains.kotlin.ir.expressions.IrExpression.transform(IrExpression.kt:24)
	at org.jetbrains.kotlin.ir.expressions.IrExpression.transform(IrExpression.kt:20)
	at org.jetbrains.kotlin.ir.IrElementsKt.transformStatement(IrElements.kt:11)
	at org.jetbrains.kotlin.backend.jvm.lower.JvmValueClassAbstractLowering.visitStatementContainer(JvmValueClassAbstractLowering.kt:146)
	at org.jetbrains.kotlin.backend.jvm.lower.JvmValueClassAbstractLowering.visitContainerExpression(JvmValueClassAbstractLowering.kt:157)
	at org.jetbrains.kotlin.ir.visitors.IrElementTransformerVoid.visitBlock(IrElementTransformerVoid.kt:248)
	at org.jetbrains.kotlin.backend.jvm.lower.JvmValueClassAbstractLowering.visitBlock(JvmValueClassAbstractLowering.kt:271)
	at org.jetbrains.kotlin.ir.visitors.IrElementTransformerVoid.visitBlock(IrElementTransformerVoid.kt:251)
	at org.jetbrains.kotlin.ir.visitors.IrElementTransformerVoid.visitBlock(IrElementTransformerVoid.kt:19)
	at org.jetbrains.kotlin.ir.expressions.IrBlock.accept(IrBlock.kt:18)
	at org.jetbrains.kotlin.ir.expressions.IrExpression.transform(IrExpression.kt:24)
	at org.jetbrains.kotlin.ir.expressions.IrBranch.transformChildren(IrBranch.kt:37)
	at org.jetbrains.kotlin.ir.visitors.IrElementTransformerVoid.visitBranch(IrElementTransformerVoid.kt:548)
	at org.jetbrains.kotlin.backend.jvm.lower.JvmValueClassAbstractLowering.visitBranch(JvmValueClassAbstractLowering.kt:297)
	at org.jetbrains.kotlin.ir.visitors.IrElementTransformerVoid.visitBranch(IrElementTransformerVoid.kt:553)
	at org.jetbrains.kotlin.ir.visitors.IrElementTransformerVoid.visitBranch(IrElementTransformerVoid.kt:19)
	at org.jetbrains.kotlin.ir.expressions.IrBranch.accept(IrBranch.kt:25)
	at org.jetbrains.kotlin.ir.expressions.IrBranch.transform(IrBranch.kt:28)
	at org.jetbrains.kotlin.ir.expressions.IrBranch.transform(IrBranch.kt:19)
	at org.jetbrains.kotlin.ir.util.TransformKt.transformInPlace(transform.kt:35)
	at org.jetbrains.kotlin.ir.expressions.IrWhen.transformChildren(IrWhen.kt:31)
	at org.jetbrains.kotlin.ir.visitors.IrElementTransformerVoid.visitExpression(IrElementTransformerVoid.kt:166)
	at org.jetbrains.kotlin.backend.jvm.lower.JvmValueClassAbstractLowering.visitExpression(JvmValueClassAbstractLowering.kt:263)
	at org.jetbrains.kotlin.ir.visitors.IrElementTransformerVoid.visitWhen(IrElementTransformerVoid.kt:542)
	at org.jetbrains.kotlin.backend.jvm.lower.JvmValueClassAbstractLowering.visitWhen(JvmValueClassAbstractLowering.kt:296)
	at org.jetbrains.kotlin.ir.visitors.IrElementTransformerVoid.visitWhen(IrElementTransformerVoid.kt:545)
	at org.jetbrains.kotlin.ir.visitors.IrElementTransformerVoid.visitWhen(IrElementTransformerVoid.kt:19)
	at org.jetbrains.kotlin.ir.expressions.IrWhen.accept(IrWhen.kt:24)
	at org.jetbrains.kotlin.ir.expressions.IrExpression.transform(IrExpression.kt:24)
	at org.jetbrains.kotlin.ir.expressions.IrExpression.transform(IrExpression.kt:20)
	at org.jetbrains.kotlin.ir.IrElementsKt.transformStatement(IrElements.kt:11)
	at org.jetbrains.kotlin.backend.jvm.lower.JvmValueClassAbstractLowering.visitStatementContainer(JvmValueClassAbstractLowering.kt:146)
	at org.jetbrains.kotlin.backend.jvm.lower.JvmValueClassAbstractLowering.visitContainerExpression(JvmValueClassAbstractLowering.kt:157)
	at org.jetbrains.kotlin.ir.visitors.IrElementTransformerVoid.visitBlock(IrElementTransformerVoid.kt:248)
	at org.jetbrains.kotlin.backend.jvm.lower.JvmValueClassAbstractLowering.visitBlock(JvmValueClassAbstractLowering.kt:271)
	at org.jetbrains.kotlin.ir.visitors.IrElementTransformerVoid.visitBlock(IrElementTransformerVoid.kt:251)
	at org.jetbrains.kotlin.ir.visitors.IrElementTransformerVoid.visitBlock(IrElementTransformerVoid.kt:19)
	at org.jetbrains.kotlin.ir.expressions.IrBlock.accept(IrBlock.kt:18)
	at org.jetbrains.kotlin.ir.expressions.IrExpression.transform(IrExpression.kt:24)
	at org.jetbrains.kotlin.ir.expressions.IrExpression.transform(IrExpression.kt:20)
	at org.jetbrains.kotlin.ir.IrElementsKt.transformStatement(IrElements.kt:11)
	at org.jetbrains.kotlin.backend.jvm.lower.JvmValueClassAbstractLowering.visitStatementContainer(JvmValueClassAbstractLowering.kt:146)
	at org.jetbrains.kotlin.backend.jvm.lower.JvmValueClassAbstractLowering.visitContainerExpression(JvmValueClassAbstractLowering.kt:157)
	at org.jetbrains.kotlin.ir.visitors.IrElementTransformerVoid.visitComposite(IrElementTransformerVoid.kt:254)
	at org.jetbrains.kotlin.backend.jvm.lower.JvmValueClassAbstractLowering.visitComposite(JvmValueClassAbstractLowering.kt:272)
	at org.jetbrains.kotlin.ir.visitors.IrElementTransformerVoid.visitComposite(IrElementTransformerVoid.kt:257)
	at org.jetbrains.kotlin.ir.visitors.IrElementTransformerVoid.visitComposite(IrElementTransformerVoid.kt:19)
	at org.jetbrains.kotlin.ir.expressions.IrComposite.accept(IrComposite.kt:18)
	at org.jetbrains.kotlin.ir.expressions.IrExpression.transform(IrExpression.kt:24)
	at org.jetbrains.kotlin.ir.expressions.IrExpression.transform(IrExpression.kt:20)
	at org.jetbrains.kotlin.ir.IrElementsKt.transformStatement(IrElements.kt:11)
	at org.jetbrains.kotlin.backend.jvm.lower.JvmValueClassAbstractLowering.visitStatementContainer(JvmValueClassAbstractLowering.kt:146)
	at org.jetbrains.kotlin.backend.jvm.lower.JvmValueClassAbstractLowering.visitContainerExpression(JvmValueClassAbstractLowering.kt:157)
	at org.jetbrains.kotlin.ir.visitors.IrElementTransformerVoid.visitBlock(IrElementTransformerVoid.kt:248)
	at org.jetbrains.kotlin.backend.jvm.lower.JvmValueClassAbstractLowering.visitBlock(JvmValueClassAbstractLowering.kt:271)
	at org.jetbrains.kotlin.ir.visitors.IrElementTransformerVoid.visitBlock(IrElementTransformerVoid.kt:251)
	at org.jetbrains.kotlin.ir.visitors.IrElementTransformerVoid.visitBlock(IrElementTransformerVoid.kt:19)
	at org.jetbrains.kotlin.ir.expressions.IrBlock.accept(IrBlock.kt:18)
	at org.jetbrains.kotlin.ir.expressions.IrExpression.transform(IrExpression.kt:24)
	at org.jetbrains.kotlin.ir.expressions.IrExpression.transform(IrExpression.kt:20)
	at org.jetbrains.kotlin.ir.IrElementsKt.transformStatement(IrElements.kt:11)
	at org.jetbrains.kotlin.backend.jvm.lower.JvmValueClassAbstractLowering.visitStatementContainer(JvmValueClassAbstractLowering.kt:146)
	at org.jetbrains.kotlin.backend.jvm.lower.JvmValueClassAbstractLowering.visitBlockBody(JvmValueClassAbstractLowering.kt:162)
	at org.jetbrains.kotlin.ir.visitors.IrElementTransformerVoid.visitBlockBody(IrElementTransformerVoid.kt:191)
	at org.jetbrains.kotlin.ir.visitors.IrElementTransformerVoid.visitBlockBody(IrElementTransformerVoid.kt:19)
	at org.jetbrains.kotlin.ir.expressions.IrBlockBody.accept(IrBlockBody.kt:20)
	at org.jetbrains.kotlin.ir.expressions.IrBody.transform(IrBody.kt:20)
	at org.jetbrains.kotlin.ir.declarations.IrFunction.transformChildren(IrFunction.kt:58)
	at org.jetbrains.kotlin.ir.visitors.IrElementTransformerVoidKt.transformChildrenVoid(IrElementTransformerVoid.kt:565)
	at org.jetbrains.kotlin.ir.visitors.IrElementTransformerVoid.transformChildrenVoid(IrElementTransformerVoid.kt:28)
	at org.jetbrains.kotlin.backend.jvm.lower.JvmValueClassAbstractLowering.transformFunctionFlat(JvmValueClassAbstractLowering.kt:49)
	at org.jetbrains.kotlin.backend.jvm.lower.JvmValueClassAbstractLowering.visitStatementContainer(JvmValueClassAbstractLowering.kt:145)
	at org.jetbrains.kotlin.backend.jvm.lower.JvmValueClassAbstractLowering.visitContainerExpression(JvmValueClassAbstractLowering.kt:157)
	at org.jetbrains.kotlin.ir.visitors.IrElementTransformerVoid.visitBlock(IrElementTransformerVoid.kt:248)
	at org.jetbrains.kotlin.backend.jvm.lower.JvmValueClassAbstractLowering.visitBlock(JvmValueClassAbstractLowering.kt:271)
	at org.jetbrains.kotlin.ir.visitors.IrElementTransformerVoid.visitBlock(IrElementTransformerVoid.kt:251)
	at org.jetbrains.kotlin.ir.visitors.IrElementTransformerVoid.visitBlock(IrElementTransformerVoid.kt:19)
	at org.jetbrains.kotlin.ir.expressions.IrBlock.accept(IrBlock.kt:18)
	at org.jetbrains.kotlin.ir.expressions.IrExpression.transform(IrExpression.kt:24)
	at org.jetbrains.kotlin.ir.expressions.IrExpression.transform(IrExpression.kt:20)
	at org.jetbrains.kotlin.ir.util.TransformKt.transformInPlace(transform.kt:45)
	at org.jetbrains.kotlin.ir.expressions.IrMemberAccessExpression.transformChildren(IrMemberAccessExpression.kt:68)
	at org.jetbrains.kotlin.ir.visitors.IrElementTransformerVoid.visitExpression(IrElementTransformerVoid.kt:166)
	at org.jetbrains.kotlin.backend.jvm.lower.JvmValueClassAbstractLowering.visitExpression(JvmValueClassAbstractLowering.kt:263)
	at org.jetbrains.kotlin.ir.visitors.IrElementTransformerVoid.visitDeclarationReference(IrElementTransformerVoid.kt:194)
	at org.jetbrains.kotlin.backend.jvm.lower.JvmValueClassAbstractLowering.visitDeclarationReference(JvmValueClassAbstractLowering.kt:273)
	at org.jetbrains.kotlin.ir.visitors.IrElementTransformerVoid.visitMemberAccess(IrElementTransformerVoid.kt:200)
	at org.jetbrains.kotlin.backend.jvm.lower.JvmValueClassAbstractLowering.visitMemberAccess(JvmValueClassAbstractLowering.kt:279)
	at org.jetbrains.kotlin.ir.visitors.IrElementTransformerVoid.visitFunctionAccess(IrElementTransformerVoid.kt:206)
	at org.jetbrains.kotlin.backend.jvm.lower.JvmInlineClassLowering.visitFunctionAccess(JvmInlineClassLowering.kt:241)
	at org.jetbrains.kotlin.ir.visitors.IrElementTransformerVoid.visitCall(IrElementTransformerVoid.kt:296)
	at org.jetbrains.kotlin.backend.jvm.lower.JvmInlineClassLowering.visitCall(JvmInlineClassLowering.kt:360)
	at org.jetbrains.kotlin.ir.visitors.IrElementTransformerVoid.visitCall(IrElementTransformerVoid.kt:299)
	at org.jetbrains.kotlin.ir.visitors.IrElementTransformerVoid.visitCall(IrElementTransformerVoid.kt:19)
	at org.jetbrains.kotlin.ir.expressions.IrCall.accept(IrCall.kt:24)
	at org.jetbrains.kotlin.ir.expressions.IrExpression.transform(IrExpression.kt:24)
	at org.jetbrains.kotlin.ir.expressions.IrExpression.transform(IrExpression.kt:20)
	at org.jetbrains.kotlin.ir.IrElementsKt.transformStatement(IrElements.kt:11)
	at org.jetbrains.kotlin.backend.jvm.lower.JvmValueClassAbstractLowering.visitStatementContainer(JvmValueClassAbstractLowering.kt:146)
	at org.jetbrains.kotlin.backend.jvm.lower.JvmValueClassAbstractLowering.visitContainerExpression(JvmValueClassAbstractLowering.kt:157)
	at org.jetbrains.kotlin.ir.visitors.IrElementTransformerVoid.visitBlock(IrElementTransformerVoid.kt:248)
	at org.jetbrains.kotlin.backend.jvm.lower.JvmValueClassAbstractLowering.visitBlock(JvmValueClassAbstractLowering.kt:271)
	at org.jetbrains.kotlin.ir.visitors.IrElementTransformerVoid.visitBlock(IrElementTransformerVoid.kt:251)
	at org.jetbrains.kotlin.ir.visitors.IrElementTransformerVoid.visitBlock(IrElementTransformerVoid.kt:19)
	at org.jetbrains.kotlin.ir.expressions.IrBlock.accept(IrBlock.kt:18)
	at org.jetbrains.kotlin.ir.expressions.IrExpression.transform(IrExpression.kt:24)
	at org.jetbrains.kotlin.ir.expressions.IrBranch.transformChildren(IrBranch.kt:37)
	at org.jetbrains.kotlin.ir.visitors.IrElementTransformerVoid.visitBranch(IrElementTransformerVoid.kt:548)
	at org.jetbrains.kotlin.backend.jvm.lower.JvmValueClassAbstractLowering.visitBranch(JvmValueClassAbstractLowering.kt:297)
	at org.jetbrains.kotlin.ir.visitors.IrElementTransformerVoid.visitBranch(IrElementTransformerVoid.kt:553)
	at org.jetbrains.kotlin.ir.visitors.IrElementTransformerVoid.visitBranch(IrElementTransformerVoid.kt:19)
	at org.jetbrains.kotlin.ir.expressions.IrBranch.accept(IrBranch.kt:25)
	at org.jetbrains.kotlin.ir.expressions.IrBranch.transform(IrBranch.kt:28)
	at org.jetbrains.kotlin.ir.expressions.IrBranch.transform(IrBranch.kt:19)
	at org.jetbrains.kotlin.ir.util.TransformKt.transformInPlace(transform.kt:35)
	at org.jetbrains.kotlin.ir.expressions.IrWhen.transformChildren(IrWhen.kt:31)
	at org.jetbrains.kotlin.ir.visitors.IrElementTransformerVoid.visitExpression(IrElementTransformerVoid.kt:166)
	at org.jetbrains.kotlin.backend.jvm.lower.JvmValueClassAbstractLowering.visitExpression(JvmValueClassAbstractLowering.kt:263)
	at org.jetbrains.kotlin.ir.visitors.IrElementTransformerVoid.visitWhen(IrElementTransformerVoid.kt:542)
	at org.jetbrains.kotlin.backend.jvm.lower.JvmValueClassAbstractLowering.visitWhen(JvmValueClassAbstractLowering.kt:296)
	at org.jetbrains.kotlin.ir.visitors.IrElementTransformerVoid.visitWhen(IrElementTransformerVoid.kt:545)
	at org.jetbrains.kotlin.ir.visitors.IrElementTransformerVoid.visitWhen(IrElementTransformerVoid.kt:19)
	at org.jetbrains.kotlin.ir.expressions.IrWhen.accept(IrWhen.kt:24)
	at org.jetbrains.kotlin.ir.expressions.IrExpression.transform(IrExpression.kt:24)
	at org.jetbrains.kotlin.ir.expressions.IrExpression.transform(IrExpression.kt:20)
	at org.jetbrains.kotlin.ir.IrElementsKt.transformStatement(IrElements.kt:11)
	at org.jetbrains.kotlin.backend.jvm.lower.JvmValueClassAbstractLowering.visitStatementContainer(JvmValueClassAbstractLowering.kt:146)
	at org.jetbrains.kotlin.backend.jvm.lower.JvmValueClassAbstractLowering.visitBlockBody(JvmValueClassAbstractLowering.kt:162)
	at org.jetbrains.kotlin.ir.visitors.IrElementTransformerVoid.visitBlockBody(IrElementTransformerVoid.kt:191)
	at org.jetbrains.kotlin.ir.visitors.IrElementTransformerVoid.visitBlockBody(IrElementTransformerVoid.kt:19)
	at org.jetbrains.kotlin.ir.expressions.IrBlockBody.accept(IrBlockBody.kt:20)
	at org.jetbrains.kotlin.ir.expressions.IrBody.transform(IrBody.kt:20)
	at org.jetbrains.kotlin.ir.declarations.IrFunction.transformChildren(IrFunction.kt:58)
	at org.jetbrains.kotlin.ir.visitors.IrElementTransformerVoidKt.transformChildrenVoid(IrElementTransformerVoid.kt:565)
	at org.jetbrains.kotlin.ir.visitors.IrElementTransformerVoid.transformChildrenVoid(IrElementTransformerVoid.kt:28)
	at org.jetbrains.kotlin.backend.jvm.lower.JvmValueClassAbstractLowering.transformFunctionFlat(JvmValueClassAbstractLowering.kt:49)
	at org.jetbrains.kotlin.backend.jvm.lower.JvmInlineClassLowering.visitClassNew$lambda$5(JvmInlineClassLowering.kt:95)
	at org.jetbrains.kotlin.ir.util.TransformKt.transformDeclarationsFlat(transform.kt:105)
	at org.jetbrains.kotlin.backend.jvm.lower.JvmInlineClassLowering.visitClassNew(JvmInlineClassLowering.kt:92)
	at org.jetbrains.kotlin.backend.jvm.lower.JvmInlineClassLowering.visitClassNew(JvmInlineClassLowering.kt:41)
	at org.jetbrains.kotlin.backend.common.IrElementTransformerVoidWithContext.visitClass(IrElementTransformerVoidWithContext.kt:62)
	at org.jetbrains.kotlin.ir.visitors.IrElementTransformerVoid.visitClass(IrElementTransformerVoid.kt:57)
	at org.jetbrains.kotlin.ir.visitors.IrElementTransformerVoid.visitClass(IrElementTransformerVoid.kt:19)
	at org.jetbrains.kotlin.ir.declarations.IrClass.accept(IrClass.kt:72)
	at org.jetbrains.kotlin.ir.IrElementBase.transform(IrElementBase.kt:33)
	at org.jetbrains.kotlin.ir.util.TransformKt.transformInPlace(transform.kt:35)
	at org.jetbrains.kotlin.ir.declarations.IrFile.transformChildren(IrFile.kt:38)
	at org.jetbrains.kotlin.ir.visitors.IrElementTransformerVoidKt.transformChildrenVoid(IrElementTransformerVoid.kt:565)
	at org.jetbrains.kotlin.ir.visitors.IrElementTransformerVoid.transformChildrenVoid(IrElementTransformerVoid.kt:28)
	at org.jetbrains.kotlin.backend.jvm.lower.JvmValueClassAbstractLowering.lower(JvmValueClassAbstractLowering.kt:27)
	at org.jetbrains.kotlin.backend.common.phaser.PhaseFactoriesKt.createFilePhase$lambda$4(PhaseFactories.kt:71)
	at org.jetbrains.kotlin.backend.common.phaser.PhaseBuildersKt$createSimpleNamedCompilerPhase$1.phaseBody(PhaseBuilders.kt:69)
	at org.jetbrains.kotlin.backend.common.phaser.SimpleNamedCompilerPhase.phaseBody(CompilerPhase.kt:226)
	at org.jetbrains.kotlin.backend.common.phaser.AbstractNamedCompilerPhase.invoke(CompilerPhase.kt:113)
	at org.jetbrains.kotlin.backend.common.phaser.PerformByIrFilePhase.invokeSequential(performByIrFile.kt:62)
	... 44 more


